2025-11-07 10:20:03,469 DEBUG DEBUG_MODE enabled: True
2025-11-07 10:20:03,469 DEBUG ENDPOINT present: True, AGENT_ID present: True, SEARCH_INDEX present: True
2025-11-07 10:20:06,757 ERROR Failed to fetch agent. AGENT_ID present: True
2025-11-07 10:20:06,762 ERROR Traceback (most recent call last):
  File "C:\Users\vperera\.vscode\azuredev-13af\app.py", line 85, in <module>
    agent = project.agents.get_agent(AGENT_ID)
  File "C:\Users\vperera\.vscode\azuredev-13af\venv\Lib\site-packages\azure\core\tracing\decorator.py", line 119, in wrapper_use_tracer
    return func(*args, **kwargs)
  File "C:\Users\vperera\.vscode\azuredev-13af\venv\Lib\site-packages\azure\ai\agents\operations\_operations.py", line 5461, in get_agent
    map_error(status_code=response.status_code, response=response, error_map=error_map)
    ~~~~~~~~~^^^^^^^^^^^^^^^^^^^^^^^^^^^^^^^^^^^^^^^^^^^^^^^^^^^^^^^^^^^^^^^^^^^^^^^^^^
  File "C:\Users\vperera\.vscode\azuredev-13af\venv\Lib\site-packages\azure\core\exceptions.py", line 163, in map_error
    raise error
azure.core.exceptions.ResourceNotFoundError: (404) Resource not found
Code: 404
Message: Resource not found

2025-11-07 10:20:06,764 ERROR Failed to create AIProjectClient or retrieve agent
2025-11-07 10:20:06,765 ERROR Traceback (most recent call last):
  File "C:\Users\vperera\.vscode\azuredev-13af\app.py", line 85, in <module>
    agent = project.agents.get_agent(AGENT_ID)
  File "C:\Users\vperera\.vscode\azuredev-13af\venv\Lib\site-packages\azure\core\tracing\decorator.py", line 119, in wrapper_use_tracer
    return func(*args, **kwargs)
  File "C:\Users\vperera\.vscode\azuredev-13af\venv\Lib\site-packages\azure\ai\agents\operations\_operations.py", line 5461, in get_agent
    map_error(status_code=response.status_code, response=response, error_map=error_map)
    ~~~~~~~~~^^^^^^^^^^^^^^^^^^^^^^^^^^^^^^^^^^^^^^^^^^^^^^^^^^^^^^^^^^^^^^^^^^^^^^^^^^
  File "C:\Users\vperera\.vscode\azuredev-13af\venv\Lib\site-packages\azure\core\exceptions.py", line 163, in map_error
    raise error
azure.core.exceptions.ResourceNotFoundError: (404) Resource not found
Code: 404
Message: Resource not found

